
> @email-to-ics/extension@2.0.0 build
> npm run clean && npm run build:shared-core && npm run build:popup && npm run copy-assets


> @email-to-ics/extension@2.0.0 clean
> rm -rf dist && mkdir -p dist


> @email-to-ics/extension@2.0.0 build:shared-core
> cd ../shared-core && npm run build


> @email-to-ics/shared-core@2.0.0 build
> tsc


> @email-to-ics/extension@2.0.0 build:popup
> esbuild src/popup.ts --bundle --outfile=dist/popup.bundle.js --format=iife --sourcemap --external:chrome --define:global=globalThis --platform=browser

✘ [ERROR] Could not resolve "fs"

    ../../node_modules/ical-generator/dist/index.js:60:65:
      60 │ ...leSync as W,promises as q}from"fs";var F=(g=>(g.PUBLISH="PUBLIS...
         ╵                                  ~~~~

  The package "fs" wasn't found on the file system but is built into node. Are you trying to bundle for node? You can use "--platform=node" to do that, which will remove this error.

1 error
npm error Lifecycle script `build:popup` failed with error:
npm error code 1
npm error path /Users/jcherniak/Code/email-to-ics/packages/extension
npm error workspace @email-to-ics/extension@2.0.0
npm error location /Users/jcherniak/Code/email-to-ics/packages/extension
npm error command failed
npm error command sh -c esbuild src/popup.ts --bundle --outfile=dist/popup.bundle.js --format=iife --sourcemap --external:chrome --define:global=globalThis --platform=browser
npm error Lifecycle script `build` failed with error:
npm error code 1
npm error path /Users/jcherniak/Code/email-to-ics/packages/extension
npm error workspace @email-to-ics/extension@2.0.0
npm error location /Users/jcherniak/Code/email-to-ics/packages/extension
npm error command failed
npm error command sh -c npm run clean && npm run build:shared-core && npm run build:popup && npm run copy-assets
